c:\users\vootele\desktop\0\debug\ps.cso
c:\users\vootele\desktop\0\debug\ps2.cso
c:\users\vootele\desktop\0\debug\sky_ps.cso
c:\users\vootele\desktop\0\debug\sky_vs.cso
c:\users\vootele\desktop\0\debug\vs.cso
c:\users\vootele\desktop\0\debug\vs2.cso
c:\users\vootele\desktop\0\debug\vc140.pdb
c:\users\vootele\desktop\0\debug\vc140.idb
c:\users\vootele\desktop\0\debug\directx11core.obj
c:\users\vootele\desktop\0\debug\fileutils.obj
c:\users\vootele\desktop\0\debug\firstpersoncamera.obj
c:\users\vootele\desktop\0\debug\input.obj
c:\users\vootele\desktop\0\debug\main.obj
c:\users\vootele\desktop\0\debug\model.obj
c:\users\vootele\desktop\0\debug\renderable.obj
c:\users\vootele\desktop\0\debug\resourceparser.obj
c:\users\vootele\desktop\0\debug\scene.obj
c:\users\vootele\desktop\0\debug\sky.obj
c:\users\vootele\desktop\0\debug\timer.obj
c:\users\vootele\desktop\0\debug\0.ilk
c:\users\vootele\desktop\0\debug\0.exe
c:\users\vootele\desktop\0\debug\0.pdb
c:\users\vootele\desktop\0\debug\0.tlog\0.write.1u.tlog
c:\users\vootele\desktop\0\debug\0.tlog\cl.command.1.tlog
c:\users\vootele\desktop\0\debug\0.tlog\cl.read.1.tlog
c:\users\vootele\desktop\0\debug\0.tlog\cl.write.1.tlog
c:\users\vootele\desktop\0\debug\0.tlog\fxc.command.1.tlog
c:\users\vootele\desktop\0\debug\0.tlog\fxc.read.1.tlog
c:\users\vootele\desktop\0\debug\0.tlog\fxc.write.1.tlog
c:\users\vootele\desktop\0\debug\0.tlog\link.command.1.tlog
c:\users\vootele\desktop\0\debug\0.tlog\link.read.1.tlog
c:\users\vootele\desktop\0\debug\0.tlog\link.write.1.tlog
